"*******************************************************************************"
"*******************************************************************************"
"Route Optimization started >>> "  Fri 02/03/2017 14:02:58.15
"*******************************************************************************"
"*******************************************************************************"
"Route Optimization started >>> "  Fri 02/03/2017 14:13:04.90
"*******************************************************************************"
"*******************************************************************************"
"Route Optimization started >>> "  Fri 02/03/2017 14:15:54.81
"*******************************************************************************"
"*******************************************************************************"
"Route Optimization started >>> "  Fri 02/03/2017 14:18:04.64
"*******************************************************************************"
"*******************************************************************************"
"Route Optimization started >>> "  Fri 02/03/2017 14:38:17.25
"*******************************************************************************"
"*******************************************************************************"
"Route Optimization started >>> "  Fri 02/03/2017 14:38:29.99
"Route Optimization Ended >>> "  Fri 02/03/2017 14:38:40.14
"Mailing Started >>> "  Fri 02/03/2017 14:38:40.14
"*******************************************************************************"
"*******************************************************************************"
"Route Optimization started >>> "  Fri 02/03/2017 14:39:58.41
"*******************************************************************************"
"*******************************************************************************"
"Route Optimization started >>> "  Fri 02/03/2017 14:44:22.05
"*******************************************************************************"
"*******************************************************************************"
"Route Optimization started >>> "  Fri 02/03/2017 14:47:18.37
"*******************************************************************************"
"*******************************************************************************"
"Data Pulling started >>> "  Fri 02/03/2017 14:48:52.22
"Data Pulling Ended>>> "  Fri 02/03/2017 14:52:45.19
"Route Optimization started >>> "  Fri 02/03/2017 14:52:45.19
"Route Optimization Ended >>> "  Fri 02/03/2017 14:53:40.18
"Mailing Started >>> "  Fri 02/03/2017 14:53:40.18
"Mailing Done>>> "  Fri 02/03/2017 14:53:53.14
"*******************************************************************************"
"*******************************************************************************"
"*******************************************************************************"
"*******************************************************************************"
"Data Pulling started >>> "  Sat 02/04/2017  3:00:00.28
"Data Pulling Ended>>> "  Sat 02/04/2017  3:01:09.17
"Route Optimization started >>> "  Sat 02/04/2017  3:01:09.18
"Route Optimization Ended >>> "  Sat 02/04/2017  3:01:44.18
"Mailing Started >>> "  Sat 02/04/2017  3:01:44.18
"Mailing Done>>> "  Sat 02/04/2017  3:01:57.17
"*******************************************************************************"
"*******************************************************************************"
"*******************************************************************************"
"*******************************************************************************"
"Route Optimization started >>> "  Sat 02/04/2017 16:19:26.26
"Route Optimization Ended >>> "  Sat 02/04/2017 16:19:50.12
"Mailing Started >>> "  Sat 02/04/2017 16:19:50.12
"*******************************************************************************"
"*******************************************************************************"
"Data Pulling started >>> "  Sun 02/05/2017  3:00:00.31
"Data Pulling Ended>>> "  Sun 02/05/2017  3:01:13.11
"Route Optimization started >>> "  Sun 02/05/2017  3:01:13.12
"Route Optimization Ended >>> "  Sun 02/05/2017  3:01:37.20
"Mailing Started >>> "  Sun 02/05/2017  3:01:37.20
"Mailing Done>>> "  Sun 02/05/2017  3:01:50.17
"*******************************************************************************"
"*******************************************************************************"
"*******************************************************************************"
"*******************************************************************************"
"Data Pulling started >>> "  Mon 02/06/2017  3:00:00.34
"Data Pulling Ended>>> "  Mon 02/06/2017  3:09:43.17
"Route Optimization started >>> "  Mon 02/06/2017  3:09:43.17
"Route Optimization Ended >>> "  Mon 02/06/2017  3:10:07.16
"Mailing Started >>> "  Mon 02/06/2017  3:10:07.16
"Mailing Done>>> "  Mon 02/06/2017  3:10:19.11
"*******************************************************************************"
"*******************************************************************************"
"*******************************************************************************"
"*******************************************************************************"
"Data Pulling started >>> "  Mon 02/06/2017 13:16:54.07
"Data Pulling Ended>>> "  Mon 02/06/2017 13:27:52.21
"Route Optimization started >>> "  Mon 02/06/2017 13:27:52.22
"Route Optimization Ended >>> "  Mon 02/06/2017 13:28:20.12
"Mailing Started >>> "  Mon 02/06/2017 13:28:20.12
"Mailing Done>>> "  Mon 02/06/2017 13:28:33.15
"*******************************************************************************"
"*******************************************************************************"
